Removed Pin From Net: NetName=GND Pin=C1-1
Removed Pin From Net: NetName=is_chardger Pin=C3-1
Removed Pin From Net: NetName=GND Pin=C3-2
Removed Pin From Net: NetName=+12V Pin=C4-1
Removed Pin From Net: NetName=GND Pin=C4-2
Removed Pin From Net: NetName=GND Pin=C5-1
Removed Pin From Net: NetName=+12V Pin=C5-2
Removed Pin From Net: NetName=GND Pin=D1-2
Removed Pin From Net: NetName=GND Pin=D1-4
Removed Pin From Net: NetName=GND Pin=D2-7
Removed Pin From Net: NetName=is_chardger Pin=D2-8
Removed Pin From Net: NetName=GND Pin=DA1-3
Removed Pin From Net: NetName=+12V Pin=DA1-4
Removed Pin From Net: NetName=GND Pin=DA1-5
Removed Pin From Net: NetName=GND Pin=DA1-6
Removed Pin From Net: NetName=GND Pin=DD1-2
Removed Pin From Net: NetName=tx Pin=DD1-3
Removed Pin From Net: NetName=+3.3V Pin=DD1-5
Removed Pin From Net: NetName=rx Pin=DD1-6
Removed Pin From Net: NetName=+12V Pin=L1-2
Removed Pin From Net: NetName=+12V Pin=L1-2
Removed Pin From Net: NetName=GND Pin=R6-2
Removed Pin From Net: NetName=GND Pin=VD1-2
Removed Member From Class: ClassName=uart_key Member=C1
Removed Member From Class: ClassName=uart_key Member=C2
Removed Member From Class: ClassName=uart_key Member=C3
Removed Member From Class: ClassName=uart_key Member=C4
Removed Member From Class: ClassName=uart_key Member=C5
Removed Member From Class: ClassName=uart_key Member=C10
Removed Member From Class: ClassName=uart_key Member=C12
Removed Member From Class: ClassName=uart_key Member=D1
Removed Member From Class: ClassName=uart_key Member=D2
Removed Member From Class: ClassName=uart_key Member=DA1
Removed Member From Class: ClassName=uart_key Member=DA2
Removed Member From Class: ClassName=uart_key Member=DD1
Removed Member From Class: ClassName=uart_key Member=HL2
Removed Member From Class: ClassName=uart_key Member=HL3
Removed Member From Class: ClassName=uart_key Member=L1
Removed Member From Class: ClassName=uart_key Member=L3
Removed Member From Class: ClassName=uart_key Member=R1
Removed Member From Class: ClassName=uart_key Member=R3
Removed Member From Class: ClassName=uart_key Member=R4
Removed Member From Class: ClassName=uart_key Member=R5
Removed Member From Class: ClassName=uart_key Member=R6
Removed Member From Class: ClassName=uart_key Member=R7
Removed Member From Class: ClassName=uart_key Member=R9
Removed Member From Class: ClassName=uart_key Member=R11
Removed Member From Class: ClassName=uart_key Member=R12
Removed Member From Class: ClassName=uart_key Member=R13
Removed Member From Class: ClassName=uart_key Member=R14
Removed Member From Class: ClassName=uart_key Member=VD1
Removed Member From Class: ClassName=uart_key Member=VD2
Removed Member From Class: ClassName=uart_key Member=VT1
Removed Member From Class: ClassName=uart_key Member=XP1
Removed Member From Class: ClassName=uart_key Member=XP3
Removed Member From Class: ClassName=uart_key Member=XP6
Change component parameters: Designator = "XP5" ("XP5"); Footprint = "JST_XH_B4B-XH-A_1x04_P2.50mm_Vertical"; UniqueID = "\YQIOYXTB" ("\YQIOYXTB")
Change component parameters (AddParameter): Name = "Circuit_1"; Value = "+5V"; VariantName = "[No Variations]"
Change component parameters (AddParameter): Name = "Circuit_2"; Value = "Rx"; VariantName = "[No Variations]"
Change component parameters (AddParameter): Name = "Circuit_3"; Value = "Tx"; VariantName = "[No Variations]"
Change component parameters (AddParameter): Name = "Circuit_4"; Value = "Gnd"; VariantName = "[No Variations]"
Change component parameters (AddParameter): Name = "Link1"; Value = "https://www.chipdip.ru/product/b4b-xh-a"; VariantName = "[No Variations]"
Change component parameters (AddParameter): Name = "Link2"; Value = "https://www.chipdip.ru/product/xhp-4?from=rec_product"; VariantName = "[No Variations]"
Change component parameters (AddParameter): Name = "Link3"; Value = "https://www.chipdip.ru/product/sxh-001t-0.6?from=rec_product"; VariantName = "[No Variations]"
Change component parameters (AddParameter): Name = "Name"; Value = "JST_XH_B4B-XH-A_1x04_P2.50mm_Vertical"; VariantName = "[No Variations]"
Change component parameters (AddParameter): Name = "Type"; Value = "Разъём"; VariantName = "[No Variations]"
Change component parameters: Designator = "XP7" ("XP7"); Footprint = "JST_XH_B4B-XH-A_1x04_P2.50mm_Vertical"; UniqueID = "\WAKPKGUM" ("\WAKPKGUM")
Change component parameters (AddParameter): Name = "Circuit_1"; Value = "+5Vout"; VariantName = "[No Variations]"
Change component parameters (AddParameter): Name = "Circuit_2"; Value = "led_r"; VariantName = "[No Variations]"
Change component parameters (AddParameter): Name = "Circuit_3"; Value = "led_g"; VariantName = "[No Variations]"
Change component parameters (AddParameter): Name = "Circuit_4"; Value = "led_b"; VariantName = "[No Variations]"
Change component parameters (AddParameter): Name = "Link1"; Value = "https://www.chipdip.ru/product/b4b-xh-a"; VariantName = "[No Variations]"
Change component parameters (AddParameter): Name = "Link2"; Value = "https://www.chipdip.ru/product/xhp-4?from=rec_product"; VariantName = "[No Variations]"
Change component parameters (AddParameter): Name = "Link3"; Value = "https://www.chipdip.ru/product/sxh-001t-0.6?from=rec_product"; VariantName = "[No Variations]"
Change component parameters (AddParameter): Name = "Name"; Value = "JST_XH_B4B-XH-A_1x04_P2.50mm_Vertical"; VariantName = "[No Variations]"
Change component parameters (AddParameter): Name = "Type"; Value = "Разъём"; VariantName = "[No Variations]"
Change component parameters: Designator = "XP2" ("XP2"); Footprint = "PLS-2"; UniqueID = "\WGOOTQTN" ("\WGOOTQTN")
Change component parameters (AddParameter): Name = "Link1"; Value = "https://www.chipdip.ru/product/pls-2"; VariantName = "[No Variations]"
Change component parameters (AddParameter): Name = "Link2"; Value = ""; VariantName = "[No Variations]"
Change component parameters (AddParameter): Name = "Link3"; Value = ""; VariantName = "[No Variations]"
Change component parameters (AddParameter): Name = "Name"; Value = "Baudrate"; VariantName = "[No Variations]"
Change component parameters (AddParameter): Name = "Type"; Value = "PLS-2"; VariantName = "[No Variations]"
Added Component: Designator=VIA4(via_circle_2.2)
Add component (AddParameter): Name = "Name"; Value = "via_circle_2.2mm"; VariantName = "[No Variations]"
Add component (AddParameter): Name = "Type"; Value = "Отверстие для крепежа"; VariantName = "[No Variations]"
Added Pin To Net: NetName=+12V Pin=XP5-1
Added Pin To Net: NetName=rx Pin=XP5-2
Added Pin To Net: NetName=tx Pin=XP5-3
Change Net Name : Old Net Name=+12V New Net Name=+5V
Added Member To Class: ClassName=uart_key Member=Component VIA4 via_circle_2.2mm
Added Room: Name=uart_key
