Added Component: Designator=XP2(KLS2-EDR-3.50-02P-4)
Add component (AddParameter): Name = "Circuit_1"; Value = "+48V"; VariantName = "[No Variations]"
Add component (AddParameter): Name = "Circuit_2"; Value = "Gnd"; VariantName = "[No Variations]"
Add component (AddParameter): Name = "ComponentLink1Description"; Value = "Manufacturer"; VariantName = "[No Variations]"
Add component (AddParameter): Name = "ComponentLink1URL"; Value = "https://www.chipdip.ru/product/kls2-edr-3.50-02p-4-15edgrc-3.5-02p"; VariantName = "[No Variations]"
Add component (AddParameter): Name = "ComponentLink2Description"; Value = "Manufacturer1"; VariantName = "[No Variations]"
Add component (AddParameter): Name = "ComponentLink2URL"; Value = ""; VariantName = "[No Variations]"
Add component (AddParameter): Name = "Name"; Value = "KLS2-EDR-3.50-02P-4"; VariantName = "[No Variations]"
Added Component: Designator=XP6(KLS2-EDR-3.50-02P-4)
Add component (AddParameter): Name = "Circuit_1"; Value = "+48V"; VariantName = "[No Variations]"
Add component (AddParameter): Name = "Circuit_2"; Value = "Gnd"; VariantName = "[No Variations]"
Add component (AddParameter): Name = "ComponentLink1Description"; Value = "Manufacturer"; VariantName = "[No Variations]"
Add component (AddParameter): Name = "ComponentLink1URL"; Value = "https://www.chipdip.ru/product/kls2-edr-3.50-02p-4-15edgrc-3.5-02p"; VariantName = "[No Variations]"
Add component (AddParameter): Name = "ComponentLink2Description"; Value = "Manufacturer1"; VariantName = "[No Variations]"
Add component (AddParameter): Name = "ComponentLink2URL"; Value = ""; VariantName = "[No Variations]"
Add component (AddParameter): Name = "Name"; Value = "KLS2-EDR-3.50-02P-4"; VariantName = "[No Variations]"
Added Component: Designator=XT?(ETB7102)
Add component (AddParameter): Name = "AdditionalPartDB"; Value = ""; VariantName = "[No Variations]"
Add component (AddParameter): Name = "AdditionalPartSCH"; Value = ""; VariantName = "[No Variations]"
Add component (AddParameter): Name = "AnalogDB"; Value = ""; VariantName = "[No Variations]"
Add component (AddParameter): Name = "AnalogSCH"; Value = ""; VariantName = "[No Variations]"
Add component (AddParameter): Name = "Circuit_1"; Value = "."; VariantName = "[No Variations]"
Add component (AddParameter): Name = "Circuit_2"; Value = "."; VariantName = "[No Variations]"
Add component (AddParameter): Name = "ComponentHeight"; Value = "13mm"; VariantName = "[No Variations]"
Add component (AddParameter): Name = "ComponentLink1Description"; Value = "Manufacturer"; VariantName = "[No Variations]"
Add component (AddParameter): Name = "ComponentLink1URL"; Value = ""; VariantName = "[No Variations]"
Add component (AddParameter): Name = "ComponentLink2Description"; Value = "Datasheet"; VariantName = "[No Variations]"
Add component (AddParameter): Name = "ComponentLink2URL"; Value = "\\192.168.11.60\BolidLibrary\Altium\Database\Datasheets\474434851.pdf"; VariantName = "[No Variations]"
Add component (AddParameter): Name = "ComponentLink3Description"; Value = "Datasheet 2"; VariantName = "[No Variations]"
Add component (AddParameter): Name = "ComponentLink3URL"; Value = ""; VariantName = "[No Variations]"
Add component (AddParameter): Name = "ComponentLink4Description"; Value = "Datasheet 3"; VariantName = "[No Variations]"
Add component (AddParameter): Name = "ComponentLink4URL"; Value = ""; VariantName = "[No Variations]"
Add component (AddParameter): Name = "ComponentVersion"; Value = "0"; VariantName = "[No Variations]"
Add component (AddParameter): Name = "Creator"; Value = "Балов Р.С."; VariantName = "[No Variations]"
Add component (AddParameter): Name = "Developer_ID"; Value = "474388205"; VariantName = "[No Variations]"
Add component (AddParameter): Name = "DeveloperMnemocod"; Value = "ETB71020B000Z"; VariantName = "[No Variations]"
Add component (AddParameter): Name = "DeveloperRecomend"; Value = "Желательно"; VariantName = "[No Variations]"
Add component (AddParameter): Name = "Manufacturer"; Value = ""; VariantName = "[No Variations]"
Add component (AddParameter): Name = "Name"; Value = "ETB71020B000Z"; VariantName = "[No Variations]"
Add component (AddParameter): Name = "Note"; Value = ""; VariantName = "[No Variations]"
Add component (AddParameter): Name = "Part Number"; Value = "ETB71020B000Z"; VariantName = "[No Variations]"
Add component (AddParameter): Name = "Pattern2Version"; Value = ""; VariantName = "[No Variations]"
Add component (AddParameter): Name = "PatternVersion"; Value = "0"; VariantName = "[No Variations]"
Add component (AddParameter): Name = "SimulationModelName"; Value = ""; VariantName = "[No Variations]"
Add component (AddParameter): Name = "TempRange"; Value = ""; VariantName = "[No Variations]"
Add component (AddParameter): Name = "TestCode"; Value = ""; VariantName = "[No Variations]"
Add component (AddParameter): Name = "Type"; Value = ""; VariantName = "[No Variations]"
Add component (AddParameter): Name = "Value"; Value = ""; VariantName = "[No Variations]"
Added Pin To Net: NetName=+48V_charger Pin=XP2-1
Added Pin To Net: NetName=GND_pow Pin=XP2-2
Added Pin To Net: NetName=+48V_charger Pin=XP6-1
Added Pin To Net: NetName=NetVT4_2 Pin=XP6-2
Added Member To Class: ClassName=uart_key Member=Component XP2 Зарядное устройство
Added Member To Class: ClassName=uart_key Member=Component XP6 На аккумулятор
Added Member To Class: ClassName=uart_key Member=Component XT? ETB71020B000Z
