Change Component Designator: Old Designator=C6 New Designator=C1
Change Component Designator: Old Designator=C7 New Designator=C4
Change Component Designator: Old Designator=C8 New Designator=C6
Change Component Designator: Old Designator=C9 New Designator=C2
Change Component Designator: Old Designator=C11 New Designator=C3
Change Component Designator: Old Designator=C13 New Designator=C5
Change Component Designator: Old Designator=DA3 New Designator=DA1
Change Component Designator: Old Designator=DD2 New Designator=DD1
Change Component Designator: Old Designator=L2 New Designator=L1
Change Component Designator: Old Designator=R2 New Designator=R1
Change Component Designator: Old Designator=R8 New Designator=R2
Change Component Designator: Old Designator=R10 New Designator=R3
Change Component Designator: Old Designator=R15 New Designator=R4
Change Component Designator: Old Designator=R16 New Designator=R5
Change Component Designator: Old Designator=R17 New Designator=R6
Change Component Designator: Old Designator=VT2 New Designator=VT1
Change Component Designator: Old Designator=VT3 New Designator=VT2
Change Component Designator: Old Designator=VT4 New Designator=VT3
Change Component Designator: Old Designator=XP2 New Designator=XP1
Change Component Designator: Old Designator=XP4 New Designator=XP2
Change Component Designator: Old Designator=XP5 New Designator=XP3
Change Component Designator: Old Designator=XP7 New Designator=XP4
