Added Component: Designator=C6(CC0603_0.8mm)
Add component (AddParameter): Name = "AdditionalPartDB"; Value = ""; VariantName = "[No Variations]"
Add component (AddParameter): Name = "AdditionalPartSCH"; Value = ""; VariantName = "[No Variations]"
Add component (AddParameter): Name = "AnalogDB"; Value = ""; VariantName = "[No Variations]"
Add component (AddParameter): Name = "AnalogSCH"; Value = ""; VariantName = "[No Variations]"
Add component (AddParameter): Name = "ComponentHeight"; Value = "0.8mm"; VariantName = "[No Variations]"
Add component (AddParameter): Name = "ComponentLink1Description"; Value = "Manufacturer"; VariantName = "[No Variations]"
Add component (AddParameter): Name = "ComponentLink1URL"; Value = "https://www.chipdip.ru/product0/9000081151"; VariantName = "[No Variations]"
Add component (AddParameter): Name = "ComponentLink2Description"; Value = "Datasheet"; VariantName = "[No Variations]"
Add component (AddParameter): Name = "ComponentLink2URL"; Value = ""; VariantName = "[No Variations]"
Add component (AddParameter): Name = "ComponentLink3Description"; Value = "Datasheet 2"; VariantName = "[No Variations]"
Add component (AddParameter): Name = "ComponentLink3URL"; Value = ""; VariantName = "[No Variations]"
Add component (AddParameter): Name = "ComponentLink4Description"; Value = "Datasheet 3"; VariantName = "[No Variations]"
Add component (AddParameter): Name = "ComponentLink4URL"; Value = ""; VariantName = "[No Variations]"
Add component (AddParameter): Name = "ComponentVersion"; Value = "0"; VariantName = "[No Variations]"
Add component (AddParameter): Name = "Creator"; Value = "“ÛÌ‡Â‚ —.—."; VariantName = "[No Variations]"
Add component (AddParameter): Name = "Developer_ID"; Value = ""; VariantName = "[No Variations]"
Add component (AddParameter): Name = "DeveloperMnemocod"; Value = ""; VariantName = "[No Variations]"
Add component (AddParameter): Name = "DeveloperRecomend"; Value = ""; VariantName = "[No Variations]"
Add component (AddParameter): Name = "Manufacturer"; Value = "Yageo"; VariantName = "[No Variations]"
Add component (AddParameter): Name = "Name"; Value = "C0603_X7R_0.15uF_10%_16V"; VariantName = "[No Variations]"
Add component (AddParameter): Name = "Note"; Value = ""; VariantName = "[No Variations]"
Add component (AddParameter): Name = "Part Number"; Value = "C0603_X7R_0.15uF_10%_16V"; VariantName = "[No Variations]"
Add component (AddParameter): Name = "Pattern2Version"; Value = ""; VariantName = "[No Variations]"
Add component (AddParameter): Name = "PatternVersion"; Value = "1"; VariantName = "[No Variations]"
Add component (AddParameter): Name = "SimulationModelName"; Value = ""; VariantName = "[No Variations]"
Add component (AddParameter): Name = "TempRange"; Value = "-55..+125∞C"; VariantName = "[No Variations]"
Add component (AddParameter): Name = "TestCode"; Value = ""; VariantName = "[No Variations]"
Add component (AddParameter): Name = "Tolerance"; Value = "±10%"; VariantName = "[No Variations]"
Add component (AddParameter): Name = "Type"; Value = "X7R"; VariantName = "[No Variations]"
Add component (AddParameter): Name = "Value"; Value = "0.15uF"; VariantName = "[No Variations]"
Add component (AddParameter): Name = "Voltage"; Value = "16V"; VariantName = "[No Variations]"
Added Pin To Net: NetName=+3.3V Pin=C6-1
Added Pin To Net: NetName=GND Pin=C6-2
Added Member To Class: ClassName=uart_key Member=Component C6 0.15uF
