Change Component Designator: Old Designator=C2 New Designator=C3
Change Component Designator: Old Designator=C3 New Designator=C4
Change Component Designator: Old Designator=C4 New Designator=C5
Change Component Designator: Old Designator=C5 New Designator=C6
Change Component Designator: Old Designator=C6 New Designator=C10
Change Component Designator: Old Designator=C7 New Designator=C12
Change Component Designator: Old Designator=C11 New Designator=C9
Change Component Designator: Old Designator=C12 New Designator=C11
Change Component Designator: Old Designator=C? New Designator=C2
Change Component Designator: Old Designator=C? New Designator=C7
Change Component Designator: Old Designator=D2 New Designator=D1
Change Component Designator: Old Designator=D? New Designator=D1
Change Component Designator: Old Designator=DA? New Designator=DA3
Change Component Designator: Old Designator=DD1 New Designator=DD2
Change Component Designator: Old Designator=DD? New Designator=DD1
Change Component Designator: Old Designator=L2 New Designator=L3
Change Component Designator: Old Designator=L3 New Designator=L2
Change Component Designator: Old Designator=R1 New Designator=R5
Change Component Designator: Old Designator=R2 New Designator=R6
Change Component Designator: Old Designator=R4 New Designator=R8
Change Component Designator: Old Designator=R5 New Designator=R9
Change Component Designator: Old Designator=R6 New Designator=R10
Change Component Designator: Old Designator=R7 New Designator=R14
Change Component Designator: Old Designator=R8 New Designator=R15
Change Component Designator: Old Designator=R9 New Designator=R16
Change Component Designator: Old Designator=R12 New Designator=R17
Change Component Designator: Old Designator=R? New Designator=R1
Change Component Designator: Old Designator=R? New Designator=R2
Change Component Designator: Old Designator=R? New Designator=R4
Change Component Designator: Old Designator=R? New Designator=R7
Change Component Designator: Old Designator=R? New Designator=R11
Change Component Designator: Old Designator=R? New Designator=R12
Change Component Designator: Old Designator=R? New Designator=R13
Change Component Designator: Old Designator=SB? New Designator=SB1
Change Component Designator: Old Designator=VT2 New Designator=VT4
Change Component Designator: Old Designator=VT? New Designator=VT2
Change Component Designator: Old Designator=VT? New Designator=VT3
Change Component Designator: Old Designator=XP1 New Designator=XP2
Change Component Designator: Old Designator=XP2 New Designator=XP3
Change Component Designator: Old Designator=XP3 New Designator=XP4
Change Component Designator: Old Designator=XP4 New Designator=XP5
Change Component Designator: Old Designator=XP5 New Designator=XP6
Change Component Designator: Old Designator=XP? New Designator=XP1
