Change Physical Footprint: Designator=C1 Old Footprint=CAPAE_SMD_1010 New Footprint=CAPAE_SMD_1010
Change Physical Footprint: Designator=C2 Old Footprint=CAPAE_SMD_1010 New Footprint=CAPAE_SMD_1010
Change Physical Footprint: Designator=C3 Old Footprint=CC0603_0.8mm New Footprint=CC0603_0.8mm
Change Physical Footprint: Designator=C4 Old Footprint=CC0603_0.8mm New Footprint=CC0603_0.8mm
Change Physical Footprint: Designator=C5 Old Footprint=CAPAE_SMD_0607 New Footprint=CAPAE_SMD_0607
Change Physical Footprint: Designator=C7 Old Footprint=CC0603_0.8mm New Footprint=CC0603_0.8mm
Change Physical Footprint: Designator=C8 Old Footprint=CC0603_0.8mm New Footprint=CC0603_0.8mm
Change Physical Footprint: Designator=C9 Old Footprint=CC0603_0.8mm New Footprint=CC0603_0.8mm
Change Physical Footprint: Designator=C10 Old Footprint=CC0603_0.8mm New Footprint=CC0603_0.8mm
Change Physical Footprint: Designator=C11 Old Footprint=CC0603_0.8mm New Footprint=CC0603_0.8mm
Change Physical Footprint: Designator=C12 Old Footprint=CAPAE_SMD_0607 New Footprint=CAPAE_SMD_0607
Change Physical Footprint: Designator=C13 Old Footprint=CC0603_0.8mm New Footprint=CC0603_0.8mm
Change Physical Footprint: Designator=D1 Old Footprint=SO-8 New Footprint=SO-8
Change Physical Footprint: Designator=DD1 Old Footprint=SOT-23-6 New Footprint=SOT-23-6
Change Physical Footprint: Designator=DD2 Old Footprint=TSSOP-20_ST New Footprint=TSSOP-20_ST
Change Physical Footprint: Designator=XP1 Old Footprint=DG308x2 New Footprint=DG308x2
Change Physical Footprint: Designator=XP2 Old Footprint=PLD-2 New Footprint=PLD-2
Change Physical Footprint: Designator=XP3 Old Footprint=DG308x2 New Footprint=DG308x2
Change Physical Footprint: Designator=XP4 Old Footprint=B4B-ZR New Footprint=B4B-ZR
Change Physical Footprint: Designator=XP6 Old Footprint=DG308x2 New Footprint=DG308x2
