Removed Pin From Net: NetName=GND_pow Pin=D1-2
Removed Pin From Net: NetName=GND_pow Pin=D1-5
Removed Pin From Net: NetName=NetD1_6 Pin=D1-6
Removed Pin From Net: NetName=GND Pin=D1-7
Removed Pin From Net: NetName=is_chardger Pin=D1-8
Removed Pin From Net: NetName=GND Pin=D2-2
Removed Pin From Net: NetName=NetD1_1 Pin=R1-1
Removed Pin From Net: NetName=NetD1_3 Pin=R3-2
Removed Pin From Net: NetName=NetD2_1 Pin=R7-2
Added Pin To Net: NetName=GND Pin=D1-2
Added Pin To Net: NetName=GND_pow Pin=D1-7
Added Pin To Net: NetName=NetD1_6 Pin=D1-8
Added Pin To Net: NetName=GND_pow Pin=D2-2
Added Pin To Net: NetName=GND Pin=D2-7
Added Pin To Net: NetName=is_chardger Pin=D2-8
Added Pin To Net: NetName=NetD2_1 Pin=R1-1
Added Pin To Net: NetName=NetD1_1 Pin=R3-2
Added Pin To Net: NetName=NetD1_3 Pin=R7-2
Change Net Name : Old Net Name=NetD1_6 New Net Name=NetD1_8
Added Pin To Net: NetName=NetD1_5 Pin=D1-5
Added Pin To Net: NetName=NetD1_5 Pin=R12-1
Added Net: Name=NetD1_5
Added Pin To Net: NetName=NetD1_6 Pin=D1-6
Added Pin To Net: NetName=NetD1_6 Pin=R9-1
Added Pin To Net: NetName=NetD1_6 Pin=R11-1
Added Net: Name=NetD1_6
Added Member To Class: ClassName=uart_key Member=Component C6 2.2uF 16V
Added Member To Class: ClassName=uart_key Member=Component C12 220uF 16V
Added Member To Class: ClassName=uart_key Member=Component HL2 led_1608_red
Added Member To Class: ClassName=uart_key Member=Component R2 10k
Added Member To Class: ClassName=uart_key Member=Component R4 10k
Added Member To Class: ClassName=uart_key Member=Component R5 10k
Added Member To Class: ClassName=uart_key Member=Component R7 100
