Added Component: Designator=R1(R0603)
Add component (AddParameter): Name = "Link1"; Value = ""; VariantName = "[No Variations]"
Add component (AddParameter): Name = "Name"; Value = "R0603"; VariantName = "[No Variations]"
Add component (AddParameter): Name = "Tolerance"; Value = "±1%"; VariantName = "[No Variations]"
Add component (AddParameter): Name = "Type"; Value = "Резистор SMD"; VariantName = "[No Variations]"
Add component (AddParameter): Name = "Value"; Value = ""; VariantName = "[No Variations]"
Added Component: Designator=R2(R0603)
Add component (AddParameter): Name = "Link1"; Value = ""; VariantName = "[No Variations]"
Add component (AddParameter): Name = "Name"; Value = "R0603"; VariantName = "[No Variations]"
Add component (AddParameter): Name = "Tolerance"; Value = "±1%"; VariantName = "[No Variations]"
Add component (AddParameter): Name = "Type"; Value = "Резистор SMD"; VariantName = "[No Variations]"
Add component (AddParameter): Name = "Value"; Value = ""; VariantName = "[No Variations]"
Added Component: Designator=R3(R0603)
Add component (AddParameter): Name = "Link1"; Value = ""; VariantName = "[No Variations]"
Add component (AddParameter): Name = "Name"; Value = "R0603"; VariantName = "[No Variations]"
Add component (AddParameter): Name = "Tolerance"; Value = "±1%"; VariantName = "[No Variations]"
Add component (AddParameter): Name = "Type"; Value = "Резистор SMD"; VariantName = "[No Variations]"
Add component (AddParameter): Name = "Value"; Value = ""; VariantName = "[No Variations]"
Added Component: Designator=R4(R0603)
Add component (AddParameter): Name = "Link1"; Value = ""; VariantName = "[No Variations]"
Add component (AddParameter): Name = "Name"; Value = "R0603"; VariantName = "[No Variations]"
Add component (AddParameter): Name = "Tolerance"; Value = "±1%"; VariantName = "[No Variations]"
Add component (AddParameter): Name = "Type"; Value = "Резистор SMD"; VariantName = "[No Variations]"
Add component (AddParameter): Name = "Value"; Value = ""; VariantName = "[No Variations]"
Added Component: Designator=R5(R0603)
Add component (AddParameter): Name = "Link1"; Value = ""; VariantName = "[No Variations]"
Add component (AddParameter): Name = "Name"; Value = "R0603"; VariantName = "[No Variations]"
Add component (AddParameter): Name = "Tolerance"; Value = "±1%"; VariantName = "[No Variations]"
Add component (AddParameter): Name = "Type"; Value = "Резистор SMD"; VariantName = "[No Variations]"
Add component (AddParameter): Name = "Value"; Value = ""; VariantName = "[No Variations]"
Added Component: Designator=R6(R0603)
Add component (AddParameter): Name = "Link1"; Value = ""; VariantName = "[No Variations]"
Add component (AddParameter): Name = "Name"; Value = "R0603"; VariantName = "[No Variations]"
Add component (AddParameter): Name = "Tolerance"; Value = "±1%"; VariantName = "[No Variations]"
Add component (AddParameter): Name = "Type"; Value = "Резистор SMD"; VariantName = "[No Variations]"
Add component (AddParameter): Name = "Value"; Value = ""; VariantName = "[No Variations]"
Added Component: Designator=R7(R0603)
Add component (AddParameter): Name = "Link1"; Value = ""; VariantName = "[No Variations]"
Add component (AddParameter): Name = "Name"; Value = "R0603"; VariantName = "[No Variations]"
Add component (AddParameter): Name = "Tolerance"; Value = "±1%"; VariantName = "[No Variations]"
Add component (AddParameter): Name = "Type"; Value = "Резистор SMD"; VariantName = "[No Variations]"
Add component (AddParameter): Name = "Value"; Value = ""; VariantName = "[No Variations]"
Added Component: Designator=R8(R0603)
Add component (AddParameter): Name = "Link1"; Value = ""; VariantName = "[No Variations]"
Add component (AddParameter): Name = "Name"; Value = "R0603"; VariantName = "[No Variations]"
Add component (AddParameter): Name = "Tolerance"; Value = "±1%"; VariantName = "[No Variations]"
Add component (AddParameter): Name = "Type"; Value = "Резистор SMD"; VariantName = "[No Variations]"
Add component (AddParameter): Name = "Value"; Value = ""; VariantName = "[No Variations]"
Added Component: Designator=R9(R0603)
Add component (AddParameter): Name = "Link1"; Value = ""; VariantName = "[No Variations]"
Add component (AddParameter): Name = "Name"; Value = "R0603"; VariantName = "[No Variations]"
Add component (AddParameter): Name = "Tolerance"; Value = "±1%"; VariantName = "[No Variations]"
Add component (AddParameter): Name = "Type"; Value = "Резистор SMD"; VariantName = "[No Variations]"
Add component (AddParameter): Name = "Value"; Value = ""; VariantName = "[No Variations]"
Added Component: Designator=R10(R0603)
Add component (AddParameter): Name = "Link1"; Value = ""; VariantName = "[No Variations]"
Add component (AddParameter): Name = "Name"; Value = "R0603"; VariantName = "[No Variations]"
Add component (AddParameter): Name = "Tolerance"; Value = "±1%"; VariantName = "[No Variations]"
Add component (AddParameter): Name = "Type"; Value = "Резистор SMD"; VariantName = "[No Variations]"
Add component (AddParameter): Name = "Value"; Value = ""; VariantName = "[No Variations]"
Added Component: Designator=R11(R0603)
Add component (AddParameter): Name = "Link1"; Value = ""; VariantName = "[No Variations]"
Add component (AddParameter): Name = "Name"; Value = "R0603"; VariantName = "[No Variations]"
Add component (AddParameter): Name = "Tolerance"; Value = "±1%"; VariantName = "[No Variations]"
Add component (AddParameter): Name = "Type"; Value = "Резистор SMD"; VariantName = "[No Variations]"
Add component (AddParameter): Name = "Value"; Value = ""; VariantName = "[No Variations]"
Added Component: Designator=R12(R0603)
Add component (AddParameter): Name = "Link1"; Value = ""; VariantName = "[No Variations]"
Add component (AddParameter): Name = "Name"; Value = "R0603"; VariantName = "[No Variations]"
Add component (AddParameter): Name = "Tolerance"; Value = "±1%"; VariantName = "[No Variations]"
Add component (AddParameter): Name = "Type"; Value = "Резистор SMD"; VariantName = "[No Variations]"
Add component (AddParameter): Name = "Value"; Value = ""; VariantName = "[No Variations]"
Added Pin To Net: NetName=D- Pin=R1-1
Added Pin To Net: NetName=NetR1_2 Pin=R1-2
Added Pin To Net: NetName=D+ Pin=R2-1
Added Pin To Net: NetName=NetR2_2 Pin=R2-2
Added Pin To Net: NetName=GND Pin=R3-1
Added Pin To Net: NetName=NetD1_4 Pin=R3-2
Added Pin To Net: NetName=NetD1_4 Pin=R4-1
Added Pin To Net: NetName=+3.6B Pin=R4-2
Added Pin To Net: NetName=NetC5_1 Pin=R5-1
Added Pin To Net: NetName=+3.3B Pin=R5-2
Added Pin To Net: NetName=D+ Pin=R6-1
Added Pin To Net: NetName=+3.3B Pin=R6-2
Added Pin To Net: NetName=NetDD2_44 Pin=R7-1
Added Pin To Net: NetName=GND Pin=R7-2
Added Pin To Net: NetName=GND Pin=R8-1
Added Pin To Net: NetName=NetDD2_20 Pin=R8-2
Added Pin To Net: NetName=SCL_I2C2 Pin=R9-1
Added Pin To Net: NetName=+3.3B Pin=R9-2
Added Pin To Net: NetName=SDA_I2C2 Pin=R10-1
Added Pin To Net: NetName=+3.3B Pin=R10-2
Added Pin To Net: NetName=SDA_I2C1 Pin=R11-1
Added Pin To Net: NetName=+3.3B Pin=R11-2
Added Pin To Net: NetName=SCL_I2C1 Pin=R12-1
Added Pin To Net: NetName=+3.3B Pin=R12-2
Added Member To Class: ClassName=braslet_pcb Member=Component R1 * ±1%
Added Member To Class: ClassName=braslet_pcb Member=Component R2 * ±1%
Added Member To Class: ClassName=braslet_pcb Member=Component R3 * ±1%
Added Member To Class: ClassName=braslet_pcb Member=Component R4 * ±1%
Added Member To Class: ClassName=braslet_pcb Member=Component R5 * ±1%
Added Member To Class: ClassName=braslet_pcb Member=Component R6 * ±1%
Added Member To Class: ClassName=braslet_pcb Member=Component R7 * ±1%
Added Member To Class: ClassName=braslet_pcb Member=Component R8 * ±1%
Added Member To Class: ClassName=braslet_pcb Member=Component R9 * ±1%
Added Member To Class: ClassName=braslet_pcb Member=Component R10 * ±1%
Added Member To Class: ClassName=braslet_pcb Member=Component R11 * ±1%
Added Member To Class: ClassName=braslet_pcb Member=Component R12 * ±1%
